..\..\..\asxxsrc\binop.c(30): Error! E1022: Missing or misspelled data type near 'VOID'
..\..\..\asxxsrc\binop.c(31): Warning! W304: Return type 'int' assumed for function 'binop'
..\..\..\asxxsrc\binop.c(34): Error! E1011: Symbol 'a_uint' has not been declared
..\..\..\asxxsrc\binop.c(34): Error! E1009: Expecting ';' but found 'ae'
..\..\..\asxxsrc\binop.c(34): Error! E1063: Missing operand
..\..\..\asxxsrc\binop.c(34): Warning! W111: Meaningless use of an expression
..\..\..\asxxsrc\binop.c(34): Error! E1011: Symbol 'ar' has not been declared
..\..\..\asxxsrc\binop.c(35): Error! E1063: Missing operand
..\..\..\asxxsrc\binop.c(35): Warning! W111: Meaningless use of an expression
..\..\..\asxxsrc\binop.c(35): Error! E1009: Expecting ';' but found 'struct'
..\..\..\asxxsrc\binop.c(35): Error! E1011: Symbol 'area' has not been declared
..\..\..\asxxsrc\binop.c(35): Error! E1011: Symbol 'ap' has not been declared
..\..\..\asxxsrc\binop.c(35): Warning! W111: Meaningless use of an expression
..\..\..\asxxsrc\binop.c(40): Error! E1011: Symbol 'ae' has not been declared
..\..\..\asxxsrc\binop.c(40): Error! E1031: Name 'e_addr' not found in struct/union expr
..\..\..\asxxsrc\binop.c(40): Error! E1011: Symbol 'a_mask' has not been declared
..\..\..\asxxsrc\binop.c(41): Error! E1031: Name 'e_addr' not found in struct/union expr
..\..\..\asxxsrc\binop.c(47): Error! E1031: Name 'e_base' not found in struct/union expr
..\..\..\asxxsrc\binop.c(47): Error! E1011: Symbol 'NULL' has not been declared
..\..\..\asxxsrc\binop.c(52): Error! E1031: Name 'e_base' not found in struct/union expr
..\..\..\asxxsrc\binop.c(52): Error! E1031: Name 'e_base' not found in struct/union expr
..\..\..\asxxsrc\binop.c(54): Error! E1031: Name 'e_base' not found in struct/union expr
..\..\..\asxxsrc\binop.c(58): Warning! W131: No prototype found for function 'xerr'
..\..\..\asxxsrc\binop.c(60): Error! E1031: Name 'e_flag' not found in struct/union expr
..\..\..\asxxsrc\binop.c(60): Error! E1031: Name 'e_flag' not found in struct/union expr
..\..\..\asxxsrc\binop.c(62): Error! E1031: Name 'e_flag' not found in struct/union expr
..\..\..\asxxsrc\binop.c(63): Error! E1031: Name 'e_flag' not found in struct/union expr
..\..\..\asxxsrc\binop.c(70): Error! E1031: Name 'e_base' not found in struct/union expr
..\..\..\asxxsrc\binop.c(70): Error! E1011: Symbol 'NULL' has not been declared
..\..\..\asxxsrc\binop.c(71): Error! E1031: Name 'e_base' not found in struct/union expr
..\..\..\asxxsrc\binop.c(72): Error! E1147: Too many errors: compilation aborted
